<?xml version="1.0" encoding="UTF-8"?>
<!-- Generated by org.testng.reporters.JUnitXMLReporter -->
<testsuite ignored="5" hostname="DESKTOP-P0JVIMA" failures="0" tests="1" name="Test" time="0.177" errors="0" timestamp="2021-08-24T16:54:40 IST">
  <testcase classname="vtigerPractice.CreateLead" name="CreateLeadTest" time="0.027"/>
  <testcase classname="vtigerPractice.CreateLead" name="modifyCreateLeadtest" time="0.0">
    <ignored/>
  </testcase> <!-- modifyCreateLeadtest -->
  <testcase classname="com.vtiger.comcast.leadtest.LeadtoOppertunitiesTL_31" name="LeadtoOppertunitiesTL_31Test" time="0.0">
    <ignored/>
  </testcase> <!-- LeadtoOppertunitiesTL_31Test -->
  <testcase classname="com.vtiger.comcast.leadtest.LeadtoOppertunitiesTL_32" name="LeadtoOppertunitiesTL_32Test" time="0.0">
    <ignored/>
  </testcase> <!-- LeadtoOppertunitiesTL_32Test -->
  <testcase classname="com.vtiger.comcast.leadtest.LeadtoOppertunitiesTL_33" name="LeadtoOppertunitiesTL_33Test" time="0.0">
    <ignored/>
  </testcase> <!-- LeadtoOppertunitiesTL_33Test -->
  <testcase classname="vtigerPractice.CreateLead" name="deleteCreateLead" time="0.0">
    <ignored/>
  </testcase> <!-- deleteCreateLead -->
</testsuite> <!-- Test -->
