<?xml version="1.0" encoding="UTF-8"?>
<testng-results ignored="0" total="1" passed="1" failed="0" skipped="0">
  <reporter-output>
  </reporter-output>
  <suite started-at="2021-08-27T15:20:30 IST" name="Default suite" finished-at="2021-08-27T15:22:16 IST" duration-ms="106133">
    <groups>
    </groups>
    <test started-at="2021-08-27T15:20:30 IST" name="Default test" finished-at="2021-08-27T15:22:16 IST" duration-ms="106133">
      <class name="com.vtiger.comcast.leadtest.LeadtoOppertunitiesTC_31">
        <test-method is-config="true" signature="configBS()[pri:0, instance:com.vtiger.comcast.leadtest.LeadtoOppertunitiesTC_31@436813f3]" started-at="2021-08-27T15:20:30 IST" name="configBS" finished-at="2021-08-27T15:20:30 IST" duration-ms="15" status="PASS">
          <reporter-output>
          </reporter-output>
        </test-method> <!-- configBS -->
        <test-method is-config="true" signature="configBC()[pri:0, instance:com.vtiger.comcast.leadtest.LeadtoOppertunitiesTC_31@436813f3]" started-at="2021-08-27T15:20:30 IST" name="configBC" finished-at="2021-08-27T15:20:56 IST" duration-ms="26224" status="PASS">
          <reporter-output>
          </reporter-output>
        </test-method> <!-- configBC -->
        <test-method is-config="true" signature="configBM()[pri:0, instance:com.vtiger.comcast.leadtest.LeadtoOppertunitiesTC_31@436813f3]" started-at="2021-08-27T15:20:56 IST" name="configBM" finished-at="2021-08-27T15:21:29 IST" duration-ms="32682" status="PASS">
          <reporter-output>
          </reporter-output>
        </test-method> <!-- configBM -->
        <test-method signature="LeadtoOppertunitiesTC_31Test()[pri:0, instance:com.vtiger.comcast.leadtest.LeadtoOppertunitiesTC_31@436813f3]" started-at="2021-08-27T15:21:29 IST" name="LeadtoOppertunitiesTC_31Test" finished-at="2021-08-27T15:22:13 IST" duration-ms="43462" status="PASS">
          <reporter-output>
          </reporter-output>
        </test-method> <!-- LeadtoOppertunitiesTC_31Test -->
        <test-method is-config="true" signature="configAM()[pri:0, instance:com.vtiger.comcast.leadtest.LeadtoOppertunitiesTC_31@436813f3]" started-at="2021-08-27T15:22:13 IST" name="configAM" finished-at="2021-08-27T15:22:16 IST" duration-ms="3667" status="PASS">
          <reporter-output>
          </reporter-output>
        </test-method> <!-- configAM -->
        <test-method is-config="true" signature="configAC()[pri:0, instance:com.vtiger.comcast.leadtest.LeadtoOppertunitiesTC_31@436813f3]" started-at="2021-08-27T15:22:16 IST" name="configAC" finished-at="2021-08-27T15:22:16 IST" duration-ms="0" status="PASS">
          <reporter-output>
          </reporter-output>
        </test-method> <!-- configAC -->
        <test-method is-config="true" signature="configAS()[pri:0, instance:com.vtiger.comcast.leadtest.LeadtoOppertunitiesTC_31@436813f3]" started-at="2021-08-27T15:22:16 IST" name="configAS" finished-at="2021-08-27T15:22:16 IST" duration-ms="1" status="PASS">
          <reporter-output>
          </reporter-output>
        </test-method> <!-- configAS -->
      </class> <!-- com.vtiger.comcast.leadtest.LeadtoOppertunitiesTC_31 -->
    </test> <!-- Default test -->
  </suite> <!-- Default suite -->
</testng-results>
